<?xml version="1.0" encoding="UTF-8"?>
<!-- Generated by org.testng.reporters.JUnitXMLReporter -->
<testsuite ignored="0" hostname="NIS-PK503.local" failures="1" tests="1" name="End to End Ecommerce Test" time="58.322" errors="0" timestamp="2024-11-05T15:46:47 PKT">
  <testcase classname="org.osamaikhlas.testUtils.AndroidBaseTest" name="@AfterClass tearDown" time="9.55">
    <failure type="com.applitools.eyes.EyesException" message="Test &amp;apos;Android Test 1&amp;apos; of &amp;apos;Android App&amp;apos; detected differences! See details at: https://eyes.applitools.com/app/batches/00000251671497198821/00000251671497198694?accountId=_b2OGP_m0EuvMWh5fP2z6A__">
      <![CDATA[com.applitools.eyes.EyesException: Test 'Android Test 1' of 'Android App' detected differences! See details at: https://eyes.applitools.com/app/batches/00000251671497198821/00000251671497198694?accountId=_b2OGP_m0EuvMWh5fP2z6A__
at com.applitools.eyes.universal.CommandExecutor.eyesGetResults(CommandExecutor.java:232)
at com.applitools.eyes.selenium.Eyes.getResults(Eyes.java:288)
at com.applitools.eyes.selenium.Eyes.close(Eyes.java:604)
at com.applitools.eyes.selenium.Eyes.close(Eyes.java:253)
at org.osamaikhlas.utils.AppiumUtils.closeEyes(AppiumUtils.java:94)
at org.osamaikhlas.testUtils.AndroidBaseTest.tearDown(AndroidBaseTest.java:56)
at java.base/java.util.ArrayList.forEach(ArrayList.java:1541)
... Removed 30 stack frames]]>
    </failure>
  </testcase> <!-- @AfterClass tearDown -->
  <testcase classname="org.osamaikhlas.ECommerce_TestCase_01" name="fillForm" time="24.102">
    <failure type="org.openqa.selenium.NoSuchElementException" message="Can&amp;apos;t locate an element by this strategy: By.chained({AppiumBy.id: com.androidsample.generalstore:id/nameField})">
      <![CDATA[org.openqa.selenium.NoSuchElementException: Can't locate an element by this strategy: By.chained({AppiumBy.id: com.androidsample.generalstore:id/nameField})
at io.appium.java_client.pagefactory.AppiumElementLocator.findElement(AppiumElementLocator.java:166)
at io.appium.java_client.pagefactory.interceptors.InterceptorOfASingleElement.call(InterceptorOfASingleElement.java:75)
at io.appium.java_client.proxy.Interceptor.intercept(Interceptor.java:78)
at org.openqa.selenium.remote.RemoteWebElement$ByteBuddy$isdEdvJf.sendKeys(Unknown Source)
at org.osamaikhlas.pageObjects.android.FormPage.setNameField(FormPage.java:50)
at org.osamaikhlas.ECommerce_TestCase_01.fillForm(ECommerce_TestCase_01.java:23)
at java.base/java.util.ArrayList.forEach(ArrayList.java:1541)
Caused by: org.openqa.selenium.TimeoutException: Expected condition failed: waiting for io.appium.java_client.pagefactory.AppiumElementLocator$WaitingFunction@6870cfac (tried for 1 second(s) with 500 milliseconds interval)
at org.openqa.selenium.support.ui.FluentWait.timeoutException(FluentWait.java:265)
at org.openqa.selenium.support.ui.FluentWait.until(FluentWait.java:228)
at io.appium.java_client.pagefactory.AppiumElementLocator.waitFor(AppiumElementLocator.java:135)
at io.appium.java_client.pagefactory.AppiumElementLocator.findElement(AppiumElementLocator.java:160)
... 37 more
Caused by: org.openqa.selenium.NoSuchElementException: Cannot locate an element using By.chained({AppiumBy.id: com.androidsample.generalstore:id/nameField})
For documentation on this error, please visit: https://www.selenium.dev/documentation/webdriver/troubleshooting/errors#no-such-element-exception
Build info: version: '4.26.0', revision: '8ccf0219d7'
System info: os.name: 'Mac OS X', os.arch: 'x86_64', os.version: '12.7.1', java.version: '11.0.18'
Driver info: driver.version: RemoteWebDriver
at io.appium.java_client.pagefactory.bys.builder.ByChained.findElement(ByChained.java:74)
at org.openqa.selenium.remote.ElementLocation$ElementFinder$1.findElement(ElementLocation.java:139)
at org.openqa.selenium.remote.ElementLocation.findElement(ElementLocation.java:81)
at org.openqa.selenium.remote.RemoteWebDriver.findElement(RemoteWebDriver.java:368)
at org.openqa.selenium.remote.RemoteWebDriver.findElement(RemoteWebDriver.java:362)
at io.appium.java_client.pagefactory.bys.ContentMappedBy.findElement(ContentMappedBy.java:54)
at org.openqa.selenium.remote.ElementLocation$ElementFinder$1.findElement(ElementLocation.java:139)
at org.openqa.selenium.remote.ElementLocation.findElement(ElementLocation.java:81)
at org.openqa.selenium.remote.RemoteWebDriver.findElement(RemoteWebDriver.java:368)
at org.openqa.selenium.remote.RemoteWebDriver.findElement(RemoteWebDriver.java:362)
at io.appium.java_client.pagefactory.AppiumElementLocator.lambda$findElement$1(AppiumElementLocator.java:160)
at io.appium.java_client.pagefactory.AppiumElementLocator$WaitingFunction.apply(AppiumElementLocator.java:217)
at io.appium.java_client.pagefactory.AppiumElementLocator$WaitingFunction.apply(AppiumElementLocator.java:210)
at org.openqa.selenium.support.ui.FluentWait.until(FluentWait.java:203)
... 39 more
... Removed 31 stack frames]]>
    </failure>
  </testcase> <!-- fillForm -->
</testsuite> <!-- End to End Ecommerce Test -->
