<?xml version="1.0" encoding="UTF-8"?>
<!-- Generated by org.testng.reporters.JUnitReportReporter -->
<testsuite hostname="NIS-PK503.local" failures="0" tests="2" name="org.osamaikhlas.IOSBasics" time="180.256" errors="1" timestamp="2024-10-28T17:45:38 PKT" skipped="1">
  <testcase classname="org.osamaikhlas.IOSBasics" name="ConfigureAppium" time="180.256">
    <error message="Could not start a new session. Response code 500. Message: An unknown server-side error occurred while processing the command. Original error: Unable to launch WebDriverAgent because of xcodebuild failure: Unable to start WebDriverAgent: Error: We were not able to retrieve the /status response from the WebDriverAgent server after 20000ms timeout.Try to increase the value of &#039;appium:wdaLaunchTimeout&#039; capability as a possible workaround. 
Host info: host: &#039;NIS-PK503.local&#039;, ip: &#039;fe80:0:0:0:4da:aec:e99a:32b5%en0&#039;
Build info: version: &#039;4.25.0&#039;, revision: &#039;8a8aea2337&#039;
System info: os.name: &#039;Mac OS X&#039;, os.arch: &#039;x86_64&#039;, os.version: &#039;12.7.1&#039;, java.version: &#039;11.0.18&#039;
Driver info: io.appium.java_client.ios.IOSDriver
Command: [null, newSession {capabilities=[Capabilities {appium:app: /Users/oikhlas/Desktop/UIKi..., appium:automationName: XCuiTest, appium:deviceName: iPhone 12 Pro, appium:platformVersion: 16.0, appium:wdaLaunchTimeout: 20000, platformName: IOS}]}]
Capabilities {appium:app: /Users/oikhlas/Desktop/UIKi..., appium:automationName: XCuiTest, appium:deviceName: iPhone 12 Pro, appium:platformVersion: 16.0, appium:wdaLaunchTimeout: 20000, platformName: IOS}" type="org.openqa.selenium.SessionNotCreatedException">
      <![CDATA[org.openqa.selenium.SessionNotCreatedException: Could not start a new session. Response code 500. Message: An unknown server-side error occurred while processing the command. Original error: Unable to launch WebDriverAgent because of xcodebuild failure: Unable to start WebDriverAgent: Error: We were not able to retrieve the /status response from the WebDriverAgent server after 20000ms timeout.Try to increase the value of 'appium:wdaLaunchTimeout' capability as a possible workaround. 
Host info: host: 'NIS-PK503.local', ip: 'fe80:0:0:0:4da:aec:e99a:32b5%en0'
Build info: version: '4.25.0', revision: '8a8aea2337'
System info: os.name: 'Mac OS X', os.arch: 'x86_64', os.version: '12.7.1', java.version: '11.0.18'
Driver info: io.appium.java_client.ios.IOSDriver
Command: [null, newSession {capabilities=[Capabilities {appium:app: /Users/oikhlas/Desktop/UIKi..., appium:automationName: XCuiTest, appium:deviceName: iPhone 12 Pro, appium:platformVersion: 16.0, appium:wdaLaunchTimeout: 20000, platformName: IOS}]}]
Capabilities {appium:app: /Users/oikhlas/Desktop/UIKi..., appium:automationName: XCuiTest, appium:deviceName: iPhone 12 Pro, appium:platformVersion: 16.0, appium:wdaLaunchTimeout: 20000, platformName: IOS}
at org.openqa.selenium.remote.ProtocolHandshake.createSession(ProtocolHandshake.java:114)
at org.openqa.selenium.remote.ProtocolHandshake.createSession(ProtocolHandshake.java:75)
at org.openqa.selenium.remote.ProtocolHandshake.createSession(ProtocolHandshake.java:61)
at io.appium.java_client.remote.AppiumCommandExecutor.createSession(AppiumCommandExecutor.java:176)
at io.appium.java_client.remote.AppiumCommandExecutor.execute(AppiumCommandExecutor.java:237)
at org.openqa.selenium.remote.RemoteWebDriver.execute(RemoteWebDriver.java:545)
at io.appium.java_client.AppiumDriver.startSession(AppiumDriver.java:270)
at org.openqa.selenium.remote.RemoteWebDriver.<init>(RemoteWebDriver.java:174)
at io.appium.java_client.AppiumDriver.<init>(AppiumDriver.java:91)
at io.appium.java_client.AppiumDriver.<init>(AppiumDriver.java:103)
at io.appium.java_client.ios.IOSDriver.<init>(IOSDriver.java:101)
at org.osamaikhlas.testUtils.IOSBaseTest.ConfigureAppium(IOSBaseTest.java:44)
at java.base/jdk.internal.reflect.NativeMethodAccessorImpl.invoke0(Native Method)
at java.base/jdk.internal.reflect.NativeMethodAccessorImpl.invoke(NativeMethodAccessorImpl.java:62)
at java.base/jdk.internal.reflect.DelegatingMethodAccessorImpl.invoke(DelegatingMethodAccessorImpl.java:43)
at java.base/java.lang.reflect.Method.invoke(Method.java:566)
at org.testng.internal.invokers.MethodInvocationHelper.invokeMethod(MethodInvocationHelper.java:139)
at org.testng.internal.invokers.MethodInvocationHelper.invokeMethodConsideringTimeout(MethodInvocationHelper.java:69)
at org.testng.internal.invokers.ConfigInvoker.invokeConfigurationMethod(ConfigInvoker.java:390)
at org.testng.internal.invokers.ConfigInvoker.invokeConfigurations(ConfigInvoker.java:325)
at org.testng.internal.invokers.TestMethodWorker.invokeBeforeClassMethods(TestMethodWorker.java:180)
at org.testng.internal.invokers.TestMethodWorker.run(TestMethodWorker.java:122)
at java.base/java.util.ArrayList.forEach(ArrayList.java:1541)
at org.testng.TestRunner.privateRun(TestRunner.java:848)
at org.testng.TestRunner.run(TestRunner.java:621)
at org.testng.SuiteRunner.runTest(SuiteRunner.java:443)
at org.testng.SuiteRunner.runSequentially(SuiteRunner.java:437)
at org.testng.SuiteRunner.privateRun(SuiteRunner.java:397)
at org.testng.SuiteRunner.run(SuiteRunner.java:336)
at org.testng.SuiteRunnerWorker.runSuite(SuiteRunnerWorker.java:52)
at org.testng.SuiteRunnerWorker.run(SuiteRunnerWorker.java:95)
at org.testng.TestNG.runSuitesSequentially(TestNG.java:1280)
at org.testng.TestNG.runSuitesLocally(TestNG.java:1200)
at org.testng.TestNG.runSuites(TestNG.java:1114)
at org.testng.TestNG.run(TestNG.java:1082)
at org.apache.maven.surefire.testng.TestNGExecutor.run(TestNGExecutor.java:308)
at org.apache.maven.surefire.testng.TestNGXmlTestSuite.execute(TestNGXmlTestSuite.java:71)
at org.apache.maven.surefire.testng.TestNGProvider.invoke(TestNGProvider.java:113)
at org.apache.maven.surefire.booter.ForkedBooter.runSuitesInProcess(ForkedBooter.java:385)
at org.apache.maven.surefire.booter.ForkedBooter.execute(ForkedBooter.java:162)
at org.apache.maven.surefire.booter.ForkedBooter.run(ForkedBooter.java:507)
at org.apache.maven.surefire.booter.ForkedBooter.main(ForkedBooter.java:495)
]]>
    </error>
  </testcase> <!-- ConfigureAppium -->
  <testcase classname="org.osamaikhlas.IOSBasics" name="IOSBasicTests" time="0.000">
    <skipped/>
  </testcase> <!-- IOSBasicTests -->
</testsuite> <!-- org.osamaikhlas.IOSBasics -->
